  Ball.cpp
C:\Users\eric\Desktop\Game Programming 2020\Physics\GAME2005-F2020-Assignment3\src\Ball.cpp(14,15): warning C4244: 'argument': conversion from 'T' to 'int', possible loss of data
          with
          [
              T=float
          ]
C:\Users\eric\Desktop\Game Programming 2020\Physics\GAME2005-F2020-Assignment3\src\Ball.cpp(15,16): warning C4244: 'argument': conversion from 'T' to 'int', possible loss of data
          with
          [
              T=float
          ]
C:\Users\eric\Desktop\Game Programming 2020\Physics\GAME2005-F2020-Assignment3\src\Ball.cpp(55,46): warning C4244: 'argument': conversion from 'const T' to 'int', possible loss of data
          with
          [
              T=float
          ]
C:\Users\eric\Desktop\Game Programming 2020\Physics\GAME2005-F2020-Assignment3\src\Ball.cpp(55,43): warning C4244: 'argument': conversion from 'const T' to 'int', possible loss of data
          with
          [
              T=float
          ]
  Template.vcxproj -> C:\Users\eric\Desktop\Game Programming 2020\Physics\GAME2005-F2020-Assignment3\bin\Debug\Template.exe
