  imgui.cpp
  imgui_demo.cpp
  imgui_draw.cpp
  imgui_widgets.cpp
  imgui_sdl.cpp
  Button.cpp
  The contents of <optional> are available only with C++17 or later.
C:\Users\eric\Desktop\Game Programming 2020\Physics\GAME2005-F2020-Assignment3\src\Scene.h(24,69): error C2039: 'optional': is not a member of 'std'
C:\Program Files (x86)\Microsoft Visual Studio\2019\Community\VC\Tools\MSVC\14.26.28801\include\vector(24): message : see declaration of 'std'
C:\Users\eric\Desktop\Game Programming 2020\Physics\GAME2005-F2020-Assignment3\src\Scene.h(24,77): error C2061: syntax error: identifier 'optional'
C:\Users\eric\Desktop\Game Programming 2020\Physics\GAME2005-F2020-Assignment3\src\Button.cpp(22,15): warning C4244: 'argument': conversion from 'const T' to 'int', possible loss of data
          with
          [
              T=float
          ]
C:\Users\eric\Desktop\Game Programming 2020\Physics\GAME2005-F2020-Assignment3\src\Button.cpp(23,16): warning C4244: 'argument': conversion from 'const T' to 'int', possible loss of data
          with
          [
              T=float
          ]
C:\Users\eric\Desktop\Game Programming 2020\Physics\GAME2005-F2020-Assignment3\src\Button.cpp(38,46): warning C4244: 'argument': conversion from 'const T' to 'int', possible loss of data
          with
          [
              T=float
          ]
C:\Users\eric\Desktop\Game Programming 2020\Physics\GAME2005-F2020-Assignment3\src\Button.cpp(38,43): warning C4244: 'argument': conversion from 'const T' to 'int', possible loss of data
          with
          [
              T=float
          ]
  CollisionManager.cpp
  The contents of <optional> are available only with C++17 or later.
C:\Users\eric\Desktop\Game Programming 2020\Physics\GAME2005-F2020-Assignment3\src\Scene.h(24,69): error C2039: 'optional': is not a member of 'std'
C:\Program Files (x86)\Microsoft Visual Studio\2019\Community\VC\Tools\MSVC\14.26.28801\include\vector(24): message : see declaration of 'std'
C:\Users\eric\Desktop\Game Programming 2020\Physics\GAME2005-F2020-Assignment3\src\Scene.h(24,77): error C2061: syntax error: identifier 'optional'
C:\Users\eric\Desktop\Game Programming 2020\Physics\GAME2005-F2020-Assignment3\src\CollisionManager.cpp(9,28): warning C4244: 'initializing': conversion from 'T' to 'int', possible loss of data
          with
          [
              T=float
          ]
C:\Users\eric\Desktop\Game Programming 2020\Physics\GAME2005-F2020-Assignment3\src\CollisionManager.cpp(9,21): warning C4244: 'initializing': conversion from 'T' to 'const int', possible loss of data
          with
          [
              T=float
          ]
C:\Users\eric\Desktop\Game Programming 2020\Physics\GAME2005-F2020-Assignment3\src\CollisionManager.cpp(10,28): warning C4244: 'initializing': conversion from 'T' to 'int', possible loss of data
          with
          [
              T=float
          ]
C:\Users\eric\Desktop\Game Programming 2020\Physics\GAME2005-F2020-Assignment3\src\CollisionManager.cpp(10,21): warning C4244: 'initializing': conversion from 'T' to 'const int', possible loss of data
          with
          [
              T=float
          ]
C:\Users\eric\Desktop\Game Programming 2020\Physics\GAME2005-F2020-Assignment3\src\CollisionManager.cpp(20,72): warning C4244: 'initializing': conversion from 'float' to 'int', possible loss of data
C:\Users\eric\Desktop\Game Programming 2020\Physics\GAME2005-F2020-Assignment3\src\CollisionManager.cpp(20,24): warning C4244: 'initializing': conversion from 'float' to 'const int', possible loss of data
C:\Users\eric\Desktop\Game Programming 2020\Physics\GAME2005-F2020-Assignment3\src\CollisionManager.cpp(57,41): warning C4244: 'initializing': conversion from 'int' to 'float', possible loss of data
C:\Users\eric\Desktop\Game Programming 2020\Physics\GAME2005-F2020-Assignment3\src\CollisionManager.cpp(57,22): warning C4244: 'initializing': conversion from 'int' to 'const float', possible loss of data
C:\Users\eric\Desktop\Game Programming 2020\Physics\GAME2005-F2020-Assignment3\src\CollisionManager.cpp(58,43): warning C4244: 'initializing': conversion from 'int' to 'float', possible loss of data
C:\Users\eric\Desktop\Game Programming 2020\Physics\GAME2005-F2020-Assignment3\src\CollisionManager.cpp(58,23): warning C4244: 'initializing': conversion from 'int' to 'const float', possible loss of data
C:\Users\eric\Desktop\Game Programming 2020\Physics\GAME2005-F2020-Assignment3\src\CollisionManager.cpp(59,41): warning C4244: 'initializing': conversion from 'int' to 'float', possible loss of data
C:\Users\eric\Desktop\Game Programming 2020\Physics\GAME2005-F2020-Assignment3\src\CollisionManager.cpp(59,22): warning C4244: 'initializing': conversion from 'int' to 'const float', possible loss of data
C:\Users\eric\Desktop\Game Programming 2020\Physics\GAME2005-F2020-Assignment3\src\CollisionManager.cpp(60,43): warning C4244: 'initializing': conversion from 'int' to 'float', possible loss of data
C:\Users\eric\Desktop\Game Programming 2020\Physics\GAME2005-F2020-Assignment3\src\CollisionManager.cpp(60,23): warning C4244: 'initializing': conversion from 'int' to 'const float', possible loss of data
C:\Users\eric\Desktop\Game Programming 2020\Physics\GAME2005-F2020-Assignment3\src\CollisionManager.cpp(174,9): warning C4244: 'return': conversion from 'float' to 'int', possible loss of data
C:\Users\eric\Desktop\Game Programming 2020\Physics\GAME2005-F2020-Assignment3\src\CollisionManager.cpp(183,36): warning C4244: 'initializing': conversion from 'float' to 'int', possible loss of data
C:\Users\eric\Desktop\Game Programming 2020\Physics\GAME2005-F2020-Assignment3\src\CollisionManager.cpp(183,25): warning C4244: 'initializing': conversion from 'float' to 'const int', possible loss of data
C:\Users\eric\Desktop\Game Programming 2020\Physics\GAME2005-F2020-Assignment3\src\CollisionManager.cpp(185,38): warning C4244: 'initializing': conversion from 'float' to 'int', possible loss of data
C:\Users\eric\Desktop\Game Programming 2020\Physics\GAME2005-F2020-Assignment3\src\CollisionManager.cpp(185,26): warning C4244: 'initializing': conversion from 'float' to 'const int', possible loss of data
C:\Users\eric\Desktop\Game Programming 2020\Physics\GAME2005-F2020-Assignment3\src\CollisionManager.cpp(188,60): warning C4244: 'argument': conversion from 'const int' to 'float', possible loss of data
C:\Users\eric\Desktop\Game Programming 2020\Physics\GAME2005-F2020-Assignment3\src\CollisionManager.cpp(188,50): warning C4244: 'argument': conversion from 'const int' to 'float', possible loss of data
C:\Users\eric\Desktop\Game Programming 2020\Physics\GAME2005-F2020-Assignment3\src\CollisionManager.cpp(214,19): warning C4244: 'return': conversion from '_Ty' to 'int', possible loss of data
          with
          [
              _Ty=float
          ]
C:\Users\eric\Desktop\Game Programming 2020\Physics\GAME2005-F2020-Assignment3\src\CollisionManager.cpp(221,35): warning C4244: 'initializing': conversion from 'const _Ty' to 'int', possible loss of data
          with
          [
              _Ty=float
          ]
C:\Users\eric\Desktop\Game Programming 2020\Physics\GAME2005-F2020-Assignment3\src\CollisionManager.cpp(221,25): warning C4244: 'initializing': conversion from 'const _Ty' to 'const int', possible loss of data
          with
          [
              _Ty=float
          ]
C:\Users\eric\Desktop\Game Programming 2020\Physics\GAME2005-F2020-Assignment3\src\CollisionManager.cpp(224,19): warning C4244: 'initializing': conversion from 'float' to 'int', possible loss of data
C:\Users\eric\Desktop\Game Programming 2020\Physics\GAME2005-F2020-Assignment3\src\CollisionManager.cpp(226,20): warning C4244: 'initializing': conversion from 'float' to 'int', possible loss of data
C:\Users\eric\Desktop\Game Programming 2020\Physics\GAME2005-F2020-Assignment3\src\CollisionManager.cpp(303,38): warning C4244: 'initializing': conversion from 'double' to 'float', possible loss of data
C:\Users\eric\Desktop\Game Programming 2020\Physics\GAME2005-F2020-Assignment3\src\CollisionManager.cpp(303,23): warning C4244: 'initializing': conversion from 'double' to 'const float', possible loss of data
C:\Users\eric\Desktop\Game Programming 2020\Physics\GAME2005-F2020-Assignment3\src\CollisionManager.cpp(304,38): warning C4244: 'initializing': conversion from 'double' to 'float', possible loss of data
C:\Users\eric\Desktop\Game Programming 2020\Physics\GAME2005-F2020-Assignment3\src\CollisionManager.cpp(304,23): warning C4244: 'initializing': conversion from 'double' to 'const float', possible loss of data
  Enemy.cpp
  The contents of <optional> are available only with C++17 or later.
C:\Users\eric\Desktop\Game Programming 2020\Physics\GAME2005-F2020-Assignment3\src\Scene.h(24,69): error C2039: 'optional': is not a member of 'std'
C:\Program Files (x86)\Microsoft Visual Studio\2019\Community\VC\Tools\MSVC\14.26.28801\include\vector(24): message : see declaration of 'std'
C:\Users\eric\Desktop\Game Programming 2020\Physics\GAME2005-F2020-Assignment3\src\Scene.h(24,77): error C2061: syntax error: identifier 'optional'
C:\Users\eric\Desktop\Game Programming 2020\Physics\GAME2005-F2020-Assignment3\src\Enemy.cpp(8,15): warning C4244: 'argument': conversion from 'T' to 'int', possible loss of data
          with
          [
              T=float
          ]
C:\Users\eric\Desktop\Game Programming 2020\Physics\GAME2005-F2020-Assignment3\src\Enemy.cpp(9,16): warning C4244: 'argument': conversion from 'T' to 'int', possible loss of data
          with
          [
              T=float
          ]
C:\Users\eric\Desktop\Game Programming 2020\Physics\GAME2005-F2020-Assignment3\src\Enemy.cpp(26,54): warning C4244: 'argument': conversion from 'const T' to 'int', possible loss of data
          with
          [
              T=float
          ]
C:\Users\eric\Desktop\Game Programming 2020\Physics\GAME2005-F2020-Assignment3\src\Enemy.cpp(26,51): warning C4244: 'argument': conversion from 'const T' to 'int', possible loss of data
          with
          [
              T=float
          ]
  PlayScene2.cpp
  The contents of <optional> are available only with C++17 or later.
C:\Users\eric\Desktop\Game Programming 2020\Physics\GAME2005-F2020-Assignment3\src\Scene.h(24,69): error C2039: 'optional': is not a member of 'std'
C:\Program Files (x86)\Microsoft Visual Studio\2019\Community\VC\Tools\MSVC\14.26.28801\include\string(24): message : see declaration of 'std'
C:\Users\eric\Desktop\Game Programming 2020\Physics\GAME2005-F2020-Assignment3\src\Scene.h(24,77): error C2061: syntax error: identifier 'optional'
C:\Users\eric\Desktop\Game Programming 2020\Physics\GAME2005-F2020-Assignment3\src\PlayScene2.cpp(51,36): warning C4244: '=': conversion from 'Sint32' to 'T', possible loss of data
          with
          [
              T=float
          ]
C:\Users\eric\Desktop\Game Programming 2020\Physics\GAME2005-F2020-Assignment3\src\PlayScene2.cpp(52,36): warning C4244: '=': conversion from 'Sint32' to 'T', possible loss of data
          with
          [
              T=float
          ]
C:\Users\eric\Desktop\Game Programming 2020\Physics\GAME2005-F2020-Assignment3\src\PlayScene2.cpp(89,4): warning C4065: switch statement contains 'default' but no 'case' labels
  Sprite.cpp
  The contents of <optional> are available only with C++17 or later.
C:\Users\eric\Desktop\Game Programming 2020\Physics\GAME2005-F2020-Assignment3\src\Scene.h(24,69): error C2039: 'optional': is not a member of 'std'
C:\Program Files (x86)\Microsoft Visual Studio\2019\Community\VC\Tools\MSVC\14.26.28801\include\vector(24): message : see declaration of 'std'
C:\Users\eric\Desktop\Game Programming 2020\Physics\GAME2005-F2020-Assignment3\src\Scene.h(24,77): error C2061: syntax error: identifier 'optional'
  UIControl.cpp
  The contents of <optional> are available only with C++17 or later.
C:\Users\eric\Desktop\Game Programming 2020\Physics\GAME2005-F2020-Assignment3\src\Scene.h(24,69): error C2039: 'optional': is not a member of 'std'
C:\Program Files (x86)\Microsoft Visual Studio\2019\Community\VC\Tools\MSVC\14.26.28801\include\vector(24): message : see declaration of 'std'
C:\Users\eric\Desktop\Game Programming 2020\Physics\GAME2005-F2020-Assignment3\src\Scene.h(24,77): error C2061: syntax error: identifier 'optional'
C:\Users\eric\Desktop\Game Programming 2020\Physics\GAME2005-F2020-Assignment3\src\UIControl.cpp(33,101): warning C4244: 'argument': conversion from 'int' to 'float', possible loss of data
C:\Users\eric\Desktop\Game Programming 2020\Physics\GAME2005-F2020-Assignment3\src\UIControl.cpp(33,88): warning C4244: 'argument': conversion from 'int' to 'float', possible loss of data
  DisplayObject.cpp
  The contents of <optional> are available only with C++17 or later.
C:\Users\eric\Desktop\Game Programming 2020\Physics\GAME2005-F2020-Assignment3\src\Scene.h(24,69): error C2039: 'optional': is not a member of 'std'
C:\Program Files (x86)\Microsoft Visual Studio\2019\Community\VC\Tools\MSVC\14.26.28801\include\vector(24): message : see declaration of 'std'
C:\Users\eric\Desktop\Game Programming 2020\Physics\GAME2005-F2020-Assignment3\src\Scene.h(24,77): error C2061: syntax error: identifier 'optional'
  EndScene.cpp
  The contents of <optional> are available only with C++17 or later.
C:\Users\eric\Desktop\Game Programming 2020\Physics\GAME2005-F2020-Assignment3\src\Scene.h(24,69): error C2039: 'optional': is not a member of 'std'
C:\Program Files (x86)\Microsoft Visual Studio\2019\Community\VC\Tools\MSVC\14.26.28801\include\string(24): message : see declaration of 'std'
C:\Users\eric\Desktop\Game Programming 2020\Physics\GAME2005-F2020-Assignment3\src\Scene.h(24,77): error C2061: syntax error: identifier 'optional'
  FontManager.cpp
  Game.cpp
  The contents of <optional> are available only with C++17 or later.
C:\Users\eric\Desktop\Game Programming 2020\Physics\GAME2005-F2020-Assignment3\src\Scene.h(24,69): error C2039: 'optional': is not a member of 'std'
C:\Program Files (x86)\Microsoft Visual Studio\2019\Community\VC\Tools\MSVC\14.26.28801\include\vector(24): message : see declaration of 'std'
C:\Users\eric\Desktop\Game Programming 2020\Physics\GAME2005-F2020-Assignment3\src\Scene.h(24,77): error C2061: syntax error: identifier 'optional'
  GameController.cpp
  GameObject.cpp
  Label.cpp
  The contents of <optional> are available only with C++17 or later.
C:\Users\eric\Desktop\Game Programming 2020\Physics\GAME2005-F2020-Assignment3\src\Scene.h(24,69): error C2039: 'optional': is not a member of 'std'
C:\Program Files (x86)\Microsoft Visual Studio\2019\Community\VC\Tools\MSVC\14.26.28801\include\vector(24): message : see declaration of 'std'
C:\Users\eric\Desktop\Game Programming 2020\Physics\GAME2005-F2020-Assignment3\src\Scene.h(24,77): error C2061: syntax error: identifier 'optional'
C:\Users\eric\Desktop\Game Programming 2020\Physics\GAME2005-F2020-Assignment3\src\Label.cpp(15,15): warning C4244: 'argument': conversion from 'const T' to 'int', possible loss of data
          with
          [
              T=float
          ]
C:\Users\eric\Desktop\Game Programming 2020\Physics\GAME2005-F2020-Assignment3\src\Label.cpp(16,16): warning C4244: 'argument': conversion from 'const T' to 'int', possible loss of data
          with
          [
              T=float
          ]
C:\Users\eric\Desktop\Game Programming 2020\Physics\GAME2005-F2020-Assignment3\src\Label.cpp(30,52): warning C4244: 'argument': conversion from 'const T' to 'int', possible loss of data
          with
          [
              T=float
          ]
C:\Users\eric\Desktop\Game Programming 2020\Physics\GAME2005-F2020-Assignment3\src\Label.cpp(30,49): warning C4244: 'argument': conversion from 'const T' to 'int', possible loss of data
          with
          [
              T=float
          ]
C:\Users\eric\Desktop\Game Programming 2020\Physics\GAME2005-F2020-Assignment3\src\Label.cpp(52,15): warning C4244: 'argument': conversion from 'const T' to 'int', possible loss of data
          with
          [
              T=float
          ]
C:\Users\eric\Desktop\Game Programming 2020\Physics\GAME2005-F2020-Assignment3\src\Label.cpp(53,16): warning C4244: 'argument': conversion from 'const T' to 'int', possible loss of data
          with
          [
              T=float
          ]
C:\Users\eric\Desktop\Game Programming 2020\Physics\GAME2005-F2020-Assignment3\src\Label.cpp(71,15): warning C4244: 'argument': conversion from 'const T' to 'int', possible loss of data
          with
          [
              T=float
          ]
C:\Users\eric\Desktop\Game Programming 2020\Physics\GAME2005-F2020-Assignment3\src\Label.cpp(72,16): warning C4244: 'argument': conversion from 'const T' to 'int', possible loss of data
          with
          [
              T=float
          ]
  PlayScene.cpp
  The contents of <optional> are available only with C++17 or later.
C:\Users\eric\Desktop\Game Programming 2020\Physics\GAME2005-F2020-Assignment3\src\Scene.h(24,69): error C2039: 'optional': is not a member of 'std'
C:\Program Files (x86)\Microsoft Visual Studio\2019\Community\VC\Tools\MSVC\14.26.28801\include\string(24): message : see declaration of 'std'
C:\Users\eric\Desktop\Game Programming 2020\Physics\GAME2005-F2020-Assignment3\src\Scene.h(24,77): error C2061: syntax error: identifier 'optional'
C:\Users\eric\Desktop\Game Programming 2020\Physics\GAME2005-F2020-Assignment3\src\PlayScene.cpp(93,36): warning C4244: '=': conversion from 'Sint32' to 'T', possible loss of data
          with
          [
              T=float
          ]
C:\Users\eric\Desktop\Game Programming 2020\Physics\GAME2005-F2020-Assignment3\src\PlayScene.cpp(94,36): warning C4244: '=': conversion from 'Sint32' to 'T', possible loss of data
          with
          [
              T=float
          ]
C:\Users\eric\Desktop\Game Programming 2020\Physics\GAME2005-F2020-Assignment3\src\PlayScene.cpp(132,4): warning C4065: switch statement contains 'default' but no 'case' labels
C:\Users\eric\Desktop\Game Programming 2020\Physics\GAME2005-F2020-Assignment3\src\PlayScene.cpp(266,59): warning C4390: ';': empty controlled statement found; is this the intent?
  main.cpp
  The contents of <optional> are available only with C++17 or later.
C:\Users\eric\Desktop\Game Programming 2020\Physics\GAME2005-F2020-Assignment3\src\Scene.h(24,69): error C2039: 'optional': is not a member of 'std'
C:\Program Files (x86)\Microsoft Visual Studio\2019\Community\VC\Tools\MSVC\14.26.28801\include\vector(24): message : see declaration of 'std'
C:\Users\eric\Desktop\Game Programming 2020\Physics\GAME2005-F2020-Assignment3\src\Scene.h(24,77): error C2061: syntax error: identifier 'optional'
C:\Users\eric\Desktop\Game Programming 2020\Physics\GAME2005-F2020-Assignment3\src\main.cpp(9,32): warning C4244: 'initializing': conversion from 'float' to 'int', possible loss of data
  Compiling...
  Plane.cpp
  The contents of <optional> are available only with C++17 or later.
C:\Users\eric\Desktop\Game Programming 2020\Physics\GAME2005-F2020-Assignment3\src\Scene.h(24,69): error C2039: 'optional': is not a member of 'std'
C:\Program Files (x86)\Microsoft Visual Studio\2019\Community\VC\Tools\MSVC\14.26.28801\include\vector(24): message : see declaration of 'std'
C:\Users\eric\Desktop\Game Programming 2020\Physics\GAME2005-F2020-Assignment3\src\Scene.h(24,77): error C2061: syntax error: identifier 'optional'
C:\Users\eric\Desktop\Game Programming 2020\Physics\GAME2005-F2020-Assignment3\src\Plane.cpp(40,6): warning C4244: 'argument': conversion from 'const T' to 'int', possible loss of data
          with
          [
              T=float
          ]
C:\Users\eric\Desktop\Game Programming 2020\Physics\GAME2005-F2020-Assignment3\src\Plane.cpp(40,3): warning C4244: 'argument': conversion from 'const T' to 'int', possible loss of data
          with
          [
              T=float
          ]
  Player.cpp
  The contents of <optional> are available only with C++17 or later.
C:\Users\eric\Desktop\Game Programming 2020\Physics\GAME2005-F2020-Assignment3\src\Scene.h(24,69): error C2039: 'optional': is not a member of 'std'
C:\Program Files (x86)\Microsoft Visual Studio\2019\Community\VC\Tools\MSVC\14.26.28801\include\vector(24): message : see declaration of 'std'
C:\Users\eric\Desktop\Game Programming 2020\Physics\GAME2005-F2020-Assignment3\src\Scene.h(24,77): error C2061: syntax error: identifier 'optional'
C:\Users\eric\Desktop\Game Programming 2020\Physics\GAME2005-F2020-Assignment3\src\Player.cpp(10,15): warning C4244: 'argument': conversion from 'T' to 'int', possible loss of data
          with
          [
              T=float
          ]
C:\Users\eric\Desktop\Game Programming 2020\Physics\GAME2005-F2020-Assignment3\src\Player.cpp(11,16): warning C4244: 'argument': conversion from 'T' to 'int', possible loss of data
          with
          [
              T=float
          ]
C:\Users\eric\Desktop\Game Programming 2020\Physics\GAME2005-F2020-Assignment3\src\Player.cpp(29,48): warning C4244: 'argument': conversion from 'const T' to 'int', possible loss of data
          with
          [
              T=float
          ]
C:\Users\eric\Desktop\Game Programming 2020\Physics\GAME2005-F2020-Assignment3\src\Player.cpp(29,45): warning C4244: 'argument': conversion from 'const T' to 'int', possible loss of data
          with
          [
              T=float
          ]
C:\Users\eric\Desktop\Game Programming 2020\Physics\GAME2005-F2020-Assignment3\src\Player.cpp(126,8): warning C4244: 'initializing': conversion from 'T' to 'int', possible loss of data
          with
          [
              T=float
          ]
C:\Users\eric\Desktop\Game Programming 2020\Physics\GAME2005-F2020-Assignment3\src\Player.cpp(127,8): warning C4244: 'initializing': conversion from 'T' to 'int', possible loss of data
          with
          [
              T=float
          ]
C:\Users\eric\Desktop\Game Programming 2020\Physics\GAME2005-F2020-Assignment3\src\Player.cpp(128,13): warning C4244: 'return': conversion from 'double' to 'float', possible loss of data
  Renderer.cpp
  Scene.cpp
  The contents of <optional> are available only with C++17 or later.
C:\Users\eric\Desktop\Game Programming 2020\Physics\GAME2005-F2020-Assignment3\src\Scene.h(24,69): error C2039: 'optional': is not a member of 'std'
C:\Program Files (x86)\Microsoft Visual Studio\2019\Community\VC\Tools\MSVC\14.26.28801\include\string(24): message : see declaration of 'std'
C:\Users\eric\Desktop\Game Programming 2020\Physics\GAME2005-F2020-Assignment3\src\Scene.h(24,77): error C2061: syntax error: identifier 'optional'
C:\Users\eric\Desktop\Game Programming 2020\Physics\GAME2005-F2020-Assignment3\src\Scene.cpp(16,72): error C2039: 'optional': is not a member of 'std'
C:\Program Files (x86)\Microsoft Visual Studio\2019\Community\VC\Tools\MSVC\14.26.28801\include\algorithm(28): message : see declaration of 'std'
C:\Users\eric\Desktop\Game Programming 2020\Physics\GAME2005-F2020-Assignment3\src\Scene.cpp(16,80): error C2061: syntax error: identifier 'optional'
C:\Users\eric\Desktop\Game Programming 2020\Physics\GAME2005-F2020-Assignment3\src\Scene.cpp(20,5): error C2065: 'order_index': undeclared identifier
C:\Users\eric\Desktop\Game Programming 2020\Physics\GAME2005-F2020-Assignment3\src\Scene.cpp(22,11): error C2065: 'order_index': undeclared identifier
  ship.cpp
  The contents of <optional> are available only with C++17 or later.
C:\Users\eric\Desktop\Game Programming 2020\Physics\GAME2005-F2020-Assignment3\src\Scene.h(24,69): error C2039: 'optional': is not a member of 'std'
C:\Program Files (x86)\Microsoft Visual Studio\2019\Community\VC\Tools\MSVC\14.26.28801\include\vector(24): message : see declaration of 'std'
C:\Users\eric\Desktop\Game Programming 2020\Physics\GAME2005-F2020-Assignment3\src\Scene.h(24,77): error C2061: syntax error: identifier 'optional'
C:\Users\eric\Desktop\Game Programming 2020\Physics\GAME2005-F2020-Assignment3\src\ship.cpp(12,15): warning C4244: 'argument': conversion from 'T' to 'int', possible loss of data
          with
          [
              T=float
          ]
C:\Users\eric\Desktop\Game Programming 2020\Physics\GAME2005-F2020-Assignment3\src\ship.cpp(13,16): warning C4244: 'argument': conversion from 'T' to 'int', possible loss of data
          with
          [
              T=float
          ]
C:\Users\eric\Desktop\Game Programming 2020\Physics\GAME2005-F2020-Assignment3\src\ship.cpp(37,46): warning C4244: 'argument': conversion from 'const T' to 'int', possible loss of data
          with
          [
              T=float
          ]
C:\Users\eric\Desktop\Game Programming 2020\Physics\GAME2005-F2020-Assignment3\src\ship.cpp(37,43): warning C4244: 'argument': conversion from 'const T' to 'int', possible loss of data
          with
          [
              T=float
          ]
C:\Users\eric\Desktop\Game Programming 2020\Physics\GAME2005-F2020-Assignment3\src\ship.cpp(149,35): warning C4244: 'initializing': conversion from 'float' to 'int', possible loss of data
C:\Users\eric\Desktop\Game Programming 2020\Physics\GAME2005-F2020-Assignment3\src\ship.cpp(149,22): warning C4244: 'initializing': conversion from 'float' to 'const int', possible loss of data
  SoundManager.cpp
C:\Users\eric\Desktop\Game Programming 2020\Physics\GAME2005-F2020-Assignment3\src\SoundManager.cpp(146,27): warning C4244: 'initializing': conversion from '_Ty' to 'int', possible loss of data
          with
          [
              _Ty=double
          ]
C:\Users\eric\Desktop\Game Programming 2020\Physics\GAME2005-F2020-Assignment3\src\SoundManager.cpp(146,20): warning C4244: 'initializing': conversion from '_Ty' to 'const int', possible loss of data
          with
          [
              _Ty=double
          ]
C:\Users\eric\Desktop\Game Programming 2020\Physics\GAME2005-F2020-Assignment3\src\SoundManager.cpp(148,28): warning C4244: 'initializing': conversion from '_Ty' to 'int', possible loss of data
          with
          [
              _Ty=double
          ]
C:\Users\eric\Desktop\Game Programming 2020\Physics\GAME2005-F2020-Assignment3\src\SoundManager.cpp(148,21): warning C4244: 'initializing': conversion from '_Ty' to 'const int', possible loss of data
          with
          [
              _Ty=double
          ]
  EventManager.cpp
  The contents of <optional> are available only with C++17 or later.
C:\Users\eric\Desktop\Game Programming 2020\Physics\GAME2005-F2020-Assignment3\src\Scene.h(24,69): error C2039: 'optional': is not a member of 'std'
C:\Program Files (x86)\Microsoft Visual Studio\2019\Community\VC\Tools\MSVC\14.26.28801\include\string(24): message : see declaration of 'std'
C:\Users\eric\Desktop\Game Programming 2020\Physics\GAME2005-F2020-Assignment3\src\Scene.h(24,77): error C2061: syntax error: identifier 'optional'
C:\Users\eric\Desktop\Game Programming 2020\Physics\GAME2005-F2020-Assignment3\src\EventManager.cpp(76,29): warning C4018: '<': signed/unsigned mismatch
C:\Users\eric\Desktop\Game Programming 2020\Physics\GAME2005-F2020-Assignment3\src\EventManager.cpp(133,37): warning C4244: '=': conversion from 'Sint32' to 'T', possible loss of data
          with
          [
              T=float
          ]
C:\Users\eric\Desktop\Game Programming 2020\Physics\GAME2005-F2020-Assignment3\src\EventManager.cpp(134,37): warning C4244: '=': conversion from 'Sint32' to 'T', possible loss of data
          with
          [
              T=float
          ]
  SpriteSheet.cpp
  StartScene.cpp
  The contents of <optional> are available only with C++17 or later.
C:\Users\eric\Desktop\Game Programming 2020\Physics\GAME2005-F2020-Assignment3\src\Scene.h(24,69): error C2039: 'optional': is not a member of 'std'
C:\Program Files (x86)\Microsoft Visual Studio\2019\Community\VC\Tools\MSVC\14.26.28801\include\string(24): message : see declaration of 'std'
C:\Users\eric\Desktop\Game Programming 2020\Physics\GAME2005-F2020-Assignment3\src\Scene.h(24,77): error C2061: syntax error: identifier 'optional'
  Target.cpp
  The contents of <optional> are available only with C++17 or later.
C:\Users\eric\Desktop\Game Programming 2020\Physics\GAME2005-F2020-Assignment3\src\Scene.h(24,69): error C2039: 'optional': is not a member of 'std'
C:\Program Files (x86)\Microsoft Visual Studio\2019\Community\VC\Tools\MSVC\14.26.28801\include\vector(24): message : see declaration of 'std'
C:\Users\eric\Desktop\Game Programming 2020\Physics\GAME2005-F2020-Assignment3\src\Scene.h(24,77): error C2061: syntax error: identifier 'optional'
C:\Users\eric\Desktop\Game Programming 2020\Physics\GAME2005-F2020-Assignment3\src\Target.cpp(14,15): warning C4244: 'argument': conversion from 'const T' to 'int', possible loss of data
          with
          [
              T=float
          ]
C:\Users\eric\Desktop\Game Programming 2020\Physics\GAME2005-F2020-Assignment3\src\Target.cpp(15,16): warning C4244: 'argument': conversion from 'const T' to 'int', possible loss of data
          with
          [
              T=float
          ]
C:\Users\eric\Desktop\Game Programming 2020\Physics\GAME2005-F2020-Assignment3\src\Target.cpp(47,45): warning C4244: 'argument': conversion from 'const T' to 'int', possible loss of data
          with
          [
              T=float
          ]
C:\Users\eric\Desktop\Game Programming 2020\Physics\GAME2005-F2020-Assignment3\src\Target.cpp(47,42): warning C4244: 'argument': conversion from 'const T' to 'int', possible loss of data
          with
          [
              T=float
          ]
C:\Users\eric\Desktop\Game Programming 2020\Physics\GAME2005-F2020-Assignment3\src\Target.cpp(69,8): warning C4244: 'initializing': conversion from 'T' to 'int', possible loss of data
          with
          [
              T=float
          ]
C:\Users\eric\Desktop\Game Programming 2020\Physics\GAME2005-F2020-Assignment3\src\Target.cpp(70,8): warning C4244: 'initializing': conversion from 'T' to 'int', possible loss of data
          with
          [
              T=float
          ]
C:\Users\eric\Desktop\Game Programming 2020\Physics\GAME2005-F2020-Assignment3\src\Target.cpp(71,13): warning C4244: 'return': conversion from 'double' to 'float', possible loss of data
C:\Users\eric\Desktop\Game Programming 2020\Physics\GAME2005-F2020-Assignment3\src\Target.cpp(76,50): warning C4244: '=': conversion from 'double' to 'float', possible loss of data
C:\Users\eric\Desktop\Game Programming 2020\Physics\GAME2005-F2020-Assignment3\src\Target.cpp(83,19): warning C4244: '=': conversion from 'double' to 'float', possible loss of data
  TextureManager.cpp
  The contents of <optional> are available only with C++17 or later.
C:\Users\eric\Desktop\Game Programming 2020\Physics\GAME2005-F2020-Assignment3\src\Scene.h(24,69): error C2039: 'optional': is not a member of 'std'
C:\Program Files (x86)\Microsoft Visual Studio\2019\Community\VC\Tools\MSVC\14.26.28801\include\unordered_map(24): message : see declaration of 'std'
C:\Users\eric\Desktop\Game Programming 2020\Physics\GAME2005-F2020-Assignment3\src\Scene.h(24,77): error C2061: syntax error: identifier 'optional'
C:\Users\eric\Desktop\Game Programming 2020\Physics\GAME2005-F2020-Assignment3\src\TextureManager.cpp(137,36): warning C4244: 'initializing': conversion from 'double' to 'int', possible loss of data
C:\Users\eric\Desktop\Game Programming 2020\Physics\GAME2005-F2020-Assignment3\src\TextureManager.cpp(137,21): warning C4244: 'initializing': conversion from 'double' to 'const int', possible loss of data
C:\Users\eric\Desktop\Game Programming 2020\Physics\GAME2005-F2020-Assignment3\src\TextureManager.cpp(138,37): warning C4244: 'initializing': conversion from 'double' to 'int', possible loss of data
C:\Users\eric\Desktop\Game Programming 2020\Physics\GAME2005-F2020-Assignment3\src\TextureManager.cpp(138,21): warning C4244: 'initializing': conversion from 'double' to 'const int', possible loss of data
C:\Users\eric\Desktop\Game Programming 2020\Physics\GAME2005-F2020-Assignment3\src\TextureManager.cpp(180,36): warning C4244: 'initializing': conversion from 'double' to 'int', possible loss of data
C:\Users\eric\Desktop\Game Programming 2020\Physics\GAME2005-F2020-Assignment3\src\TextureManager.cpp(180,21): warning C4244: 'initializing': conversion from 'double' to 'const int', possible loss of data
C:\Users\eric\Desktop\Game Programming 2020\Physics\GAME2005-F2020-Assignment3\src\TextureManager.cpp(181,37): warning C4244: 'initializing': conversion from 'double' to 'int', possible loss of data
C:\Users\eric\Desktop\Game Programming 2020\Physics\GAME2005-F2020-Assignment3\src\TextureManager.cpp(181,21): warning C4244: 'initializing': conversion from 'double' to 'const int', possible loss of data
C:\Users\eric\Desktop\Game Programming 2020\Physics\GAME2005-F2020-Assignment3\src\TextureManager.cpp(197,34): warning C4244: 'initializing': conversion from 'float' to 'int', possible loss of data
C:\Users\eric\Desktop\Game Programming 2020\Physics\GAME2005-F2020-Assignment3\src\TextureManager.cpp(197,26): warning C4244: 'initializing': conversion from 'float' to 'const int', possible loss of data
C:\Users\eric\Desktop\Game Programming 2020\Physics\GAME2005-F2020-Assignment3\src\TextureManager.cpp(225,33): warning C4244: 'initializing': conversion from 'float' to 'int', possible loss of data
C:\Users\eric\Desktop\Game Programming 2020\Physics\GAME2005-F2020-Assignment3\src\TextureManager.cpp(225,26): warning C4244: 'initializing': conversion from 'float' to 'const int', possible loss of data
C:\Users\eric\Desktop\Game Programming 2020\Physics\GAME2005-F2020-Assignment3\src\TextureManager.cpp(232,32): warning C4018: '>': signed/unsigned mismatch
C:\Users\eric\Desktop\Game Programming 2020\Physics\GAME2005-F2020-Assignment3\src\TextureManager.cpp(260,36): warning C4244: 'initializing': conversion from 'double' to 'int', possible loss of data
C:\Users\eric\Desktop\Game Programming 2020\Physics\GAME2005-F2020-Assignment3\src\TextureManager.cpp(260,21): warning C4244: 'initializing': conversion from 'double' to 'const int', possible loss of data
C:\Users\eric\Desktop\Game Programming 2020\Physics\GAME2005-F2020-Assignment3\src\TextureManager.cpp(261,37): warning C4244: 'initializing': conversion from 'double' to 'int', possible loss of data
C:\Users\eric\Desktop\Game Programming 2020\Physics\GAME2005-F2020-Assignment3\src\TextureManager.cpp(261,21): warning C4244: 'initializing': conversion from 'double' to 'const int', possible loss of data
C:\Users\eric\Desktop\Game Programming 2020\Physics\GAME2005-F2020-Assignment3\src\TextureManager.cpp(290,36): warning C4244: 'initializing': conversion from 'double' to 'int', possible loss of data
C:\Users\eric\Desktop\Game Programming 2020\Physics\GAME2005-F2020-Assignment3\src\TextureManager.cpp(290,21): warning C4244: 'initializing': conversion from 'double' to 'const int', possible loss of data
C:\Users\eric\Desktop\Game Programming 2020\Physics\GAME2005-F2020-Assignment3\src\TextureManager.cpp(291,37): warning C4244: 'initializing': conversion from 'double' to 'int', possible loss of data
C:\Users\eric\Desktop\Game Programming 2020\Physics\GAME2005-F2020-Assignment3\src\TextureManager.cpp(291,21): warning C4244: 'initializing': conversion from 'double' to 'const int', possible loss of data
C:\Users\eric\Desktop\Game Programming 2020\Physics\GAME2005-F2020-Assignment3\src\TextureManager.cpp(310,11): warning C4244: '=': conversion from 'int' to 'T', possible loss of data
          with
          [
              T=float
          ]
C:\Users\eric\Desktop\Game Programming 2020\Physics\GAME2005-F2020-Assignment3\src\TextureManager.cpp(311,11): warning C4244: '=': conversion from 'int' to 'T', possible loss of data
          with
          [
              T=float
          ]
  Util.cpp
C:\Users\eric\Desktop\Game Programming 2020\Physics\GAME2005-F2020-Assignment3\src\Util.cpp(230,15): warning C4244: '=': conversion from 'double' to 'T', possible loss of data
          with
          [
              T=float
          ]
C:\Users\eric\Desktop\Game Programming 2020\Physics\GAME2005-F2020-Assignment3\src\Util.cpp(231,15): warning C4244: '=': conversion from 'double' to 'T', possible loss of data
          with
          [
              T=float
          ]
C:\Users\eric\Desktop\Game Programming 2020\Physics\GAME2005-F2020-Assignment3\src\Util.cpp(271,8): warning C4244: 'initializing': conversion from 'float' to 'int', possible loss of data
C:\Users\eric\Desktop\Game Programming 2020\Physics\GAME2005-F2020-Assignment3\src\Util.cpp(272,8): warning C4244: 'initializing': conversion from 'float' to 'int', possible loss of data
C:\Users\eric\Desktop\Game Programming 2020\Physics\GAME2005-F2020-Assignment3\src\Util.cpp(273,8): warning C4244: 'initializing': conversion from 'float' to 'int', possible loss of data
C:\Users\eric\Desktop\Game Programming 2020\Physics\GAME2005-F2020-Assignment3\src\Util.cpp(274,8): warning C4244: 'initializing': conversion from 'float' to 'int', possible loss of data
C:\Users\eric\Desktop\Game Programming 2020\Physics\GAME2005-F2020-Assignment3\src\Util.cpp(279,59): warning C4244: 'argument': conversion from 'T' to 'int', possible loss of data
          with
          [
              T=float
          ]
C:\Users\eric\Desktop\Game Programming 2020\Physics\GAME2005-F2020-Assignment3\src\Util.cpp(279,52): warning C4244: 'argument': conversion from 'T' to 'int', possible loss of data
          with
          [
              T=float
          ]
C:\Users\eric\Desktop\Game Programming 2020\Physics\GAME2005-F2020-Assignment3\src\Util.cpp(279,45): warning C4244: 'argument': conversion from 'T' to 'int', possible loss of data
          with
          [
              T=float
          ]
C:\Users\eric\Desktop\Game Programming 2020\Physics\GAME2005-F2020-Assignment3\src\Util.cpp(279,36): warning C4244: 'argument': conversion from 'T' to 'int', possible loss of data
          with
          [
              T=float
          ]
C:\Users\eric\Desktop\Game Programming 2020\Physics\GAME2005-F2020-Assignment3\src\Util.cpp(285,8): warning C4244: 'initializing': conversion from 'float' to 'int', possible loss of data
C:\Users\eric\Desktop\Game Programming 2020\Physics\GAME2005-F2020-Assignment3\src\Util.cpp(286,8): warning C4244: 'initializing': conversion from 'float' to 'int', possible loss of data
C:\Users\eric\Desktop\Game Programming 2020\Physics\GAME2005-F2020-Assignment3\src\Util.cpp(287,8): warning C4244: 'initializing': conversion from 'float' to 'int', possible loss of data
C:\Users\eric\Desktop\Game Programming 2020\Physics\GAME2005-F2020-Assignment3\src\Util.cpp(288,8): warning C4244: 'initializing': conversion from 'float' to 'int', possible loss of data
C:\Users\eric\Desktop\Game Programming 2020\Physics\GAME2005-F2020-Assignment3\src\Util.cpp(291,24): warning C4244: '=': conversion from 'T' to 'int', possible loss of data
          with
          [
              T=float
          ]
C:\Users\eric\Desktop\Game Programming 2020\Physics\GAME2005-F2020-Assignment3\src\Util.cpp(292,24): warning C4244: '=': conversion from 'T' to 'int', possible loss of data
          with
          [
              T=float
          ]
C:\Users\eric\Desktop\Game Programming 2020\Physics\GAME2005-F2020-Assignment3\src\Util.cpp(305,8): warning C4244: 'initializing': conversion from 'float' to 'int', possible loss of data
C:\Users\eric\Desktop\Game Programming 2020\Physics\GAME2005-F2020-Assignment3\src\Util.cpp(306,8): warning C4244: 'initializing': conversion from 'float' to 'int', possible loss of data
C:\Users\eric\Desktop\Game Programming 2020\Physics\GAME2005-F2020-Assignment3\src\Util.cpp(307,8): warning C4244: 'initializing': conversion from 'float' to 'int', possible loss of data
C:\Users\eric\Desktop\Game Programming 2020\Physics\GAME2005-F2020-Assignment3\src\Util.cpp(308,8): warning C4244: 'initializing': conversion from 'float' to 'int', possible loss of data
C:\Users\eric\Desktop\Game Programming 2020\Physics\GAME2005-F2020-Assignment3\src\Util.cpp(313,15): warning C4244: 'initializing': conversion from 'float' to 'int', possible loss of data
C:\Users\eric\Desktop\Game Programming 2020\Physics\GAME2005-F2020-Assignment3\src\Util.cpp(327,57): warning C4244: 'argument': conversion from 'T' to 'int', possible loss of data
          with
          [
              T=float
          ]
C:\Users\eric\Desktop\Game Programming 2020\Physics\GAME2005-F2020-Assignment3\src\Util.cpp(327,43): warning C4244: 'argument': conversion from 'T' to 'int', possible loss of data
          with
          [
              T=float
          ]
C:\Users\eric\Desktop\Game Programming 2020\Physics\GAME2005-F2020-Assignment3\src\Util.cpp(328,57): warning C4244: 'argument': conversion from 'T' to 'int', possible loss of data
          with
          [
              T=float
          ]
C:\Users\eric\Desktop\Game Programming 2020\Physics\GAME2005-F2020-Assignment3\src\Util.cpp(328,43): warning C4244: 'argument': conversion from 'T' to 'int', possible loss of data
          with
          [
              T=float
          ]
C:\Users\eric\Desktop\Game Programming 2020\Physics\GAME2005-F2020-Assignment3\src\Util.cpp(329,57): warning C4244: 'argument': conversion from 'T' to 'int', possible loss of data
          with
          [
              T=float
          ]
C:\Users\eric\Desktop\Game Programming 2020\Physics\GAME2005-F2020-Assignment3\src\Util.cpp(329,43): warning C4244: 'argument': conversion from 'T' to 'int', possible loss of data
          with
          [
              T=float
          ]
C:\Users\eric\Desktop\Game Programming 2020\Physics\GAME2005-F2020-Assignment3\src\Util.cpp(330,57): warning C4244: 'argument': conversion from 'T' to 'int', possible loss of data
          with
          [
              T=float
          ]
C:\Users\eric\Desktop\Game Programming 2020\Physics\GAME2005-F2020-Assignment3\src\Util.cpp(330,43): warning C4244: 'argument': conversion from 'T' to 'int', possible loss of data
          with
          [
              T=float
          ]
C:\Users\eric\Desktop\Game Programming 2020\Physics\GAME2005-F2020-Assignment3\src\Util.cpp(334,57): warning C4244: 'argument': conversion from 'T' to 'int', possible loss of data
          with
          [
              T=float
          ]
C:\Users\eric\Desktop\Game Programming 2020\Physics\GAME2005-F2020-Assignment3\src\Util.cpp(334,43): warning C4244: 'argument': conversion from 'T' to 'int', possible loss of data
          with
          [
              T=float
          ]
C:\Users\eric\Desktop\Game Programming 2020\Physics\GAME2005-F2020-Assignment3\src\Util.cpp(335,57): warning C4244: 'argument': conversion from 'T' to 'int', possible loss of data
          with
          [
              T=float
          ]
C:\Users\eric\Desktop\Game Programming 2020\Physics\GAME2005-F2020-Assignment3\src\Util.cpp(335,43): warning C4244: 'argument': conversion from 'T' to 'int', possible loss of data
          with
          [
              T=float
          ]
C:\Users\eric\Desktop\Game Programming 2020\Physics\GAME2005-F2020-Assignment3\src\Util.cpp(336,57): warning C4244: 'argument': conversion from 'T' to 'int', possible loss of data
          with
          [
              T=float
          ]
C:\Users\eric\Desktop\Game Programming 2020\Physics\GAME2005-F2020-Assignment3\src\Util.cpp(336,43): warning C4244: 'argument': conversion from 'T' to 'int', possible loss of data
          with
          [
              T=float
          ]
C:\Users\eric\Desktop\Game Programming 2020\Physics\GAME2005-F2020-Assignment3\src\Util.cpp(337,57): warning C4244: 'argument': conversion from 'T' to 'int', possible loss of data
          with
          [
              T=float
          ]
C:\Users\eric\Desktop\Game Programming 2020\Physics\GAME2005-F2020-Assignment3\src\Util.cpp(337,43): warning C4244: 'argument': conversion from 'T' to 'int', possible loss of data
          with
          [
              T=float
          ]
C:\Users\eric\Desktop\Game Programming 2020\Physics\GAME2005-F2020-Assignment3\src\Util.cpp(341,57): warning C4244: 'argument': conversion from 'T' to 'int', possible loss of data
          with
          [
              T=float
          ]
C:\Users\eric\Desktop\Game Programming 2020\Physics\GAME2005-F2020-Assignment3\src\Util.cpp(341,43): warning C4244: 'argument': conversion from 'T' to 'int', possible loss of data
          with
          [
              T=float
          ]
C:\Users\eric\Desktop\Game Programming 2020\Physics\GAME2005-F2020-Assignment3\src\Util.cpp(342,57): warning C4244: 'argument': conversion from 'T' to 'int', possible loss of data
          with
          [
              T=float
          ]
C:\Users\eric\Desktop\Game Programming 2020\Physics\GAME2005-F2020-Assignment3\src\Util.cpp(342,43): warning C4244: 'argument': conversion from 'T' to 'int', possible loss of data
          with
          [
              T=float
          ]
C:\Users\eric\Desktop\Game Programming 2020\Physics\GAME2005-F2020-Assignment3\src\Util.cpp(343,57): warning C4244: 'argument': conversion from 'T' to 'int', possible loss of data
          with
          [
              T=float
          ]
C:\Users\eric\Desktop\Game Programming 2020\Physics\GAME2005-F2020-Assignment3\src\Util.cpp(343,43): warning C4244: 'argument': conversion from 'T' to 'int', possible loss of data
          with
          [
              T=float
          ]
C:\Users\eric\Desktop\Game Programming 2020\Physics\GAME2005-F2020-Assignment3\src\Util.cpp(344,57): warning C4244: 'argument': conversion from 'T' to 'int', possible loss of data
          with
          [
              T=float
          ]
C:\Users\eric\Desktop\Game Programming 2020\Physics\GAME2005-F2020-Assignment3\src\Util.cpp(344,43): warning C4244: 'argument': conversion from 'T' to 'int', possible loss of data
          with
          [
              T=float
          ]
C:\Users\eric\Desktop\Game Programming 2020\Physics\GAME2005-F2020-Assignment3\src\Util.cpp(348,57): warning C4244: 'argument': conversion from 'T' to 'int', possible loss of data
          with
          [
              T=float
          ]
C:\Users\eric\Desktop\Game Programming 2020\Physics\GAME2005-F2020-Assignment3\src\Util.cpp(348,43): warning C4244: 'argument': conversion from 'T' to 'int', possible loss of data
          with
          [
              T=float
          ]
C:\Users\eric\Desktop\Game Programming 2020\Physics\GAME2005-F2020-Assignment3\src\Util.cpp(349,57): warning C4244: 'argument': conversion from 'T' to 'int', possible loss of data
          with
          [
              T=float
          ]
C:\Users\eric\Desktop\Game Programming 2020\Physics\GAME2005-F2020-Assignment3\src\Util.cpp(349,43): warning C4244: 'argument': conversion from 'T' to 'int', possible loss of data
          with
          [
              T=float
          ]
C:\Users\eric\Desktop\Game Programming 2020\Physics\GAME2005-F2020-Assignment3\src\Util.cpp(350,57): warning C4244: 'argument': conversion from 'T' to 'int', possible loss of data
          with
          [
              T=float
          ]
C:\Users\eric\Desktop\Game Programming 2020\Physics\GAME2005-F2020-Assignment3\src\Util.cpp(350,43): warning C4244: 'argument': conversion from 'T' to 'int', possible loss of data
          with
          [
              T=float
          ]
C:\Users\eric\Desktop\Game Programming 2020\Physics\GAME2005-F2020-Assignment3\src\Util.cpp(351,57): warning C4244: 'argument': conversion from 'T' to 'int', possible loss of data
          with
          [
              T=float
          ]
C:\Users\eric\Desktop\Game Programming 2020\Physics\GAME2005-F2020-Assignment3\src\Util.cpp(351,43): warning C4244: 'argument': conversion from 'T' to 'int', possible loss of data
          with
          [
              T=float
          ]
C:\Users\eric\Desktop\Game Programming 2020\Physics\GAME2005-F2020-Assignment3\src\Util.cpp(355,57): warning C4244: 'argument': conversion from 'T' to 'int', possible loss of data
          with
          [
              T=float
          ]
C:\Users\eric\Desktop\Game Programming 2020\Physics\GAME2005-F2020-Assignment3\src\Util.cpp(355,43): warning C4244: 'argument': conversion from 'T' to 'int', possible loss of data
          with
          [
              T=float
          ]
C:\Users\eric\Desktop\Game Programming 2020\Physics\GAME2005-F2020-Assignment3\src\Util.cpp(356,57): warning C4244: 'argument': conversion from 'T' to 'int', possible loss of data
          with
          [
              T=float
          ]
C:\Users\eric\Desktop\Game Programming 2020\Physics\GAME2005-F2020-Assignment3\src\Util.cpp(356,43): warning C4244: 'argument': conversion from 'T' to 'int', possible loss of data
          with
          [
              T=float
          ]
C:\Users\eric\Desktop\Game Programming 2020\Physics\GAME2005-F2020-Assignment3\src\Util.cpp(357,57): warning C4244: 'argument': conversion from 'T' to 'int', possible loss of data
          with
          [
              T=float
          ]
C:\Users\eric\Desktop\Game Programming 2020\Physics\GAME2005-F2020-Assignment3\src\Util.cpp(357,43): warning C4244: 'argument': conversion from 'T' to 'int', possible loss of data
          with
          [
              T=float
          ]
C:\Users\eric\Desktop\Game Programming 2020\Physics\GAME2005-F2020-Assignment3\src\Util.cpp(358,57): warning C4244: 'argument': conversion from 'T' to 'int', possible loss of data
          with
          [
              T=float
          ]
C:\Users\eric\Desktop\Game Programming 2020\Physics\GAME2005-F2020-Assignment3\src\Util.cpp(358,43): warning C4244: 'argument': conversion from 'T' to 'int', possible loss of data
          with
          [
              T=float
          ]
C:\Users\eric\Desktop\Game Programming 2020\Physics\GAME2005-F2020-Assignment3\src\Util.cpp(359,57): warning C4244: 'argument': conversion from 'T' to 'int', possible loss of data
          with
          [
              T=float
          ]
C:\Users\eric\Desktop\Game Programming 2020\Physics\GAME2005-F2020-Assignment3\src\Util.cpp(359,43): warning C4244: 'argument': conversion from 'T' to 'int', possible loss of data
          with
          [
              T=float
          ]
C:\Users\eric\Desktop\Game Programming 2020\Physics\GAME2005-F2020-Assignment3\src\Util.cpp(360,57): warning C4244: 'argument': conversion from 'T' to 'int', possible loss of data
          with
          [
              T=float
          ]
C:\Users\eric\Desktop\Game Programming 2020\Physics\GAME2005-F2020-Assignment3\src\Util.cpp(360,43): warning C4244: 'argument': conversion from 'T' to 'int', possible loss of data
          with
          [
              T=float
          ]
C:\Users\eric\Desktop\Game Programming 2020\Physics\GAME2005-F2020-Assignment3\src\Util.cpp(361,57): warning C4244: 'argument': conversion from 'T' to 'int', possible loss of data
          with
          [
              T=float
          ]
C:\Users\eric\Desktop\Game Programming 2020\Physics\GAME2005-F2020-Assignment3\src\Util.cpp(361,43): warning C4244: 'argument': conversion from 'T' to 'int', possible loss of data
          with
          [
              T=float
          ]
C:\Users\eric\Desktop\Game Programming 2020\Physics\GAME2005-F2020-Assignment3\src\Util.cpp(362,57): warning C4244: 'argument': conversion from 'T' to 'int', possible loss of data
          with
          [
              T=float
          ]
C:\Users\eric\Desktop\Game Programming 2020\Physics\GAME2005-F2020-Assignment3\src\Util.cpp(362,43): warning C4244: 'argument': conversion from 'T' to 'int', possible loss of data
          with
          [
              T=float
          ]
C:\Users\eric\Desktop\Game Programming 2020\Physics\GAME2005-F2020-Assignment3\src\Util.cpp(389,16): warning C4244: 'initializing': conversion from 'float' to 'int', possible loss of data
C:\Users\eric\Desktop\Game Programming 2020\Physics\GAME2005-F2020-Assignment3\src\Util.cpp(390,17): warning C4244: 'initializing': conversion from 'float' to 'int', possible loss of data
C:\Users\eric\Desktop\Game Programming 2020\Physics\GAME2005-F2020-Assignment3\src\Util.cpp(395,23): warning C4244: '=': conversion from 'float' to 'int', possible loss of data
C:\Users\eric\Desktop\Game Programming 2020\Physics\GAME2005-F2020-Assignment3\src\Util.cpp(405,22): warning C4244: '=': conversion from 'float' to 'int', possible loss of data
C:\Users\eric\Desktop\Game Programming 2020\Physics\GAME2005-F2020-Assignment3\src\Util.cpp(414,19): warning C4244: '=': conversion from 'float' to 'int', possible loss of data
